[debug] [2023-02-25T21:34:37.851Z] ----------------------------------------------------------------------
[debug] [2023-02-25T21:34:37.854Z] Command:       C:\Program Files\nodejs\node.exe C:\Users\Admin\AppData\Roaming\npm\node_modules\firebase-tools\lib\bin\firebase.js init
[debug] [2023-02-25T21:34:37.855Z] CLI Version:   11.24.0
[debug] [2023-02-25T21:34:37.856Z] Platform:      win32
[debug] [2023-02-25T21:34:37.856Z] Node Version:  v18.12.1
[debug] [2023-02-25T21:34:37.857Z] Time:          Sat Feb 25 2023 23:34:37 GMT+0200 (Восточная Европа, стандартное время)
[debug] [2023-02-25T21:34:37.858Z] ----------------------------------------------------------------------
[debug] 
[debug] [2023-02-25T21:34:37.868Z] > command requires scopes: ["email","openid","https://www.googleapis.com/auth/cloudplatformprojects.readonly","https://www.googleapis.com/auth/firebase","https://www.googleapis.com/auth/cloud-platform"]
[debug] [2023-02-25T21:34:37.869Z] > authorizing via signed-in user (mariiachvorun@gmail.com)
[info] 
     ######## #### ########  ######## ########     ###     ######  ########
     ##        ##  ##     ## ##       ##     ##  ##   ##  ##       ##
     ######    ##  ########  ######   ########  #########  ######  ######
     ##        ##  ##    ##  ##       ##     ## ##     ##       ## ##
     ##       #### ##     ## ######## ########  ##     ##  ######  ########

You're about to initialize a Firebase project in this directory:

  C:\projects\react-native-my-project

Before we get started, keep in mind:

  * You are currently outside your home directory

